[
{
 "name": "BLEU",
 "score": 41.9,
 "signature": "nrefs:1|case:mixed|eff:no|tok:zh|smooth:exp|version:2.3.1",
 "verbose_score": "70.9/48.7/35.0/26.2 (BP = 0.993 ratio = 0.993 hyp_len = 396062 ref_len = 398863)",
 "nrefs": "1",
 "case": "mixed",
 "eff": "no",
 "tok": "zh",
 "smooth": "exp",
 "version": "2.3.1"
},
{
 "name": "chrF2",
 "score": 36.6,
 "signature": "nrefs:1|case:mixed|eff:yes|nc:6|nw:0|space:no|version:2.3.1",
 "nrefs": "1",
 "case": "mixed",
 "eff": "yes",
 "nc": "6",
 "nw": "0",
 "space": "no",
 "version": "2.3.1"
},
{
 "name": "TER",
 "score": 100.6,
 "signature": "nrefs:1|case:lc|tok:tercom|norm:no|punct:yes|asian:no|version:2.3.1",
 "nrefs": "1",
 "case": "lc",
 "tok": "tercom",
 "norm": "no",
 "punct": "yes",
 "asian": "no",
 "version": "2.3.1"
}
]
/home/lr/lyu/QEBT/en-zh/en2zh/baseline_high/output.zh	score: 0.8664
Total Accuracy: 0.608849325827988
bert-base-chinese_L8_idf_version=0.3.12(hug_trans=4.30.2)_fast-tokenizer P: 0.858902 R: 0.852973 F1: 0.855574
