[
{
 "name": "BLEU",
 "score": 33.3,
 "signature": "nrefs:1|case:mixed|eff:no|tok:zh|smooth:exp|version:2.3.1",
 "verbose_score": "62.1/39.3/26.5/18.9 (BP = 1.000 ratio = 1.044 hyp_len = 416406 ref_len = 398863)",
 "nrefs": "1",
 "case": "mixed",
 "eff": "no",
 "tok": "zh",
 "smooth": "exp",
 "version": "2.3.1"
},
{
 "name": "chrF2",
 "score": 30.5,
 "signature": "nrefs:1|case:mixed|eff:yes|nc:6|nw:0|space:no|version:2.3.1",
 "nrefs": "1",
 "case": "mixed",
 "eff": "yes",
 "nc": "6",
 "nw": "0",
 "space": "no",
 "version": "2.3.1"
},
{
 "name": "TER",
 "score": 104.0,
 "signature": "nrefs:1|case:lc|tok:tercom|norm:no|punct:yes|asian:no|version:2.3.1",
 "nrefs": "1",
 "case": "lc",
 "tok": "tercom",
 "norm": "no",
 "punct": "yes",
 "asian": "no",
 "version": "2.3.1"
}
]
/home/lr/lyu/QEBT/en-zh/bt_news_crawl_300k/output.zh	score: 0.8190
Total Accuracy: 0.49633459876947245
bert-base-chinese_L8_idf_version=0.3.12(hug_trans=4.30.2)_fast-tokenizer P: 0.817139 R: 0.822596 F1: 0.819448
