[
{
 "name": "BLEU",
 "score": 33.5,
 "signature": "nrefs:1|case:mixed|eff:no|tok:zh|smooth:exp|version:2.3.1",
 "verbose_score": "62.3/39.6/26.7/19.1 (BP = 1.000 ratio = 1.040 hyp_len = 414727 ref_len = 398863)",
 "nrefs": "1",
 "case": "mixed",
 "eff": "no",
 "tok": "zh",
 "smooth": "exp",
 "version": "2.3.1"
},
{
 "name": "chrF2",
 "score": 30.6,
 "signature": "nrefs:1|case:mixed|eff:yes|nc:6|nw:0|space:no|version:2.3.1",
 "nrefs": "1",
 "case": "mixed",
 "eff": "yes",
 "nc": "6",
 "nw": "0",
 "space": "no",
 "version": "2.3.1"
},
{
 "name": "TER",
 "score": 104.1,
 "signature": "nrefs:1|case:lc|tok:tercom|norm:no|punct:yes|asian:no|version:2.3.1",
 "nrefs": "1",
 "case": "lc",
 "tok": "tercom",
 "norm": "no",
 "punct": "yes",
 "asian": "no",
 "version": "2.3.1"
}
]
/home/lr/lyu/QEBT/en-zh/bt_news_crawl_300k_MBR_hypo_5/output.zh	score: 0.8193
Total Accuracy: 0.49659641314308156
bert-base-chinese_L8_idf_version=0.3.12(hug_trans=4.30.2)_fast-tokenizer P: 0.817668 R: 0.822163 F1: 0.819498
